[0.004s] Invoking command in '/home/stardust/Code/rm_control_fix/build/rm_msgs': CMAKE_PREFIX_PATH=/opt/ros/humble /usr/bin/cmake /home/stardust/Code/rm_control_fix/src/rm_msgs -DCMAKE_INSTALL_PREFIX=/home/stardust/Code/rm_control_fix/install/rm_msgs
[0.026s] -- The C compiler identification is GNU 11.4.0
[0.046s] -- The CXX compiler identification is GNU 11.4.0
[0.049s] -- Detecting C compiler ABI info
[0.074s] -- Detecting C compiler ABI info - done
[0.077s] -- Check for working C compiler: /usr/bin/cc - skipped
[0.077s] -- Detecting C compile features
[0.077s] -- Detecting C compile features - done
[0.079s] -- Detecting CXX compiler ABI info
[0.109s] -- Detecting CXX compiler ABI info - done
[0.112s] -- Check for working CXX compiler: /usr/bin/c++ - skipped
[0.112s] -- Detecting CXX compile features
[0.112s] -- Detecting CXX compile features - done
[0.113s] -- Found ament_cmake: 1.3.10 (/opt/ros/humble/share/ament_cmake/cmake)
[0.171s] -- Found Python3: /usr/bin/python3 (found version "3.10.12") found components: Interpreter 
[0.203s] -- Found rosidl_default_generators: 1.2.0 (/opt/ros/humble/share/rosidl_default_generators/cmake)
[0.203s] -- Using all available rosidl_typesupport_c: rosidl_typesupport_fastrtps_c;rosidl_typesupport_introspection_c
[0.205s] -- Found rosidl_adapter: 3.1.5 (/opt/ros/humble/share/rosidl_adapter/cmake)
[0.221s] -- Using all available rosidl_typesupport_cpp: rosidl_typesupport_fastrtps_cpp;rosidl_typesupport_introspection_cpp
[0.233s] -- Found std_msgs: 4.2.4 (/opt/ros/humble/share/std_msgs/cmake)
[0.242s] -- Found geometry_msgs: 4.2.4 (/opt/ros/humble/share/geometry_msgs/cmake)
[0.361s] -- Found ament_cmake_ros: 0.10.0 (/opt/ros/humble/share/ament_cmake_ros/cmake)
[0.459s] -- Using all available rosidl_typesupport_c: rosidl_typesupport_fastrtps_c;rosidl_typesupport_introspection_c
[0.590s] -- Using all available rosidl_typesupport_cpp: rosidl_typesupport_fastrtps_cpp;rosidl_typesupport_introspection_cpp
[0.599s] -- Found PythonInterp: /usr/bin/python3 (found suitable version "3.10.12", minimum required is "3.6") 
[0.600s] -- Found python_cmake_module: 0.10.0 (/opt/ros/humble/share/python_cmake_module/cmake)
[0.611s] -- Found PythonLibs: /usr/lib/x86_64-linux-gnu/libpython3.10.so (found suitable version "3.10.12", minimum required is "3.5") 
[0.611s] -- Using PYTHON_EXECUTABLE: /usr/bin/python3
[0.611s] -- Using PYTHON_INCLUDE_DIRS: /usr/include/python3.10
[0.611s] -- Using PYTHON_LIBRARIES: /usr/lib/x86_64-linux-gnu/libpython3.10.so
[0.619s] -- Found PythonExtra: .so  
[0.643s] -- Found ament_lint_auto: 0.12.11 (/opt/ros/humble/share/ament_lint_auto/cmake)
[0.652s] -- Added test 'lint_cmake' to check CMake code style
[0.652s] -- Added test 'xmllint' to check XML markup files
[0.653s] -- Configuring done
[0.665s] -- Generating done
[0.666s] -- Build files have been written to: /home/stardust/Code/rm_control_fix/build/rm_msgs
[0.669s] Invoked command in '/home/stardust/Code/rm_control_fix/build/rm_msgs' returned '0': CMAKE_PREFIX_PATH=/opt/ros/humble /usr/bin/cmake /home/stardust/Code/rm_control_fix/src/rm_msgs -DCMAKE_INSTALL_PREFIX=/home/stardust/Code/rm_control_fix/install/rm_msgs
[0.670s] Invoking command in '/home/stardust/Code/rm_control_fix/build/rm_msgs': CMAKE_PREFIX_PATH=/opt/ros/humble /usr/bin/cmake --build /home/stardust/Code/rm_control_fix/build/rm_msgs -- -j12 -l12
[0.685s] [  3%] [34m[1mGenerating C code for ROS interfaces[0m
[0.688s] [  6%] [34m[1mGenerating C++ code for ROS interfaces[0m
[0.691s] [  6%] Built target ament_cmake_python_copy_rm_msgs
[0.776s] running egg_info
[0.776s] creating rm_msgs.egg-info
[0.776s] writing rm_msgs.egg-info/PKG-INFO
[0.776s] writing dependency_links to rm_msgs.egg-info/dependency_links.txt
[0.776s] writing top-level names to rm_msgs.egg-info/top_level.txt
[0.776s] writing manifest file 'rm_msgs.egg-info/SOURCES.txt'
[0.778s] reading manifest file 'rm_msgs.egg-info/SOURCES.txt'
[0.778s] writing manifest file 'rm_msgs.egg-info/SOURCES.txt'
[0.790s] [  6%] Built target rm_msgs__cpp
[0.793s] [  6%] Built target ament_cmake_python_build_rm_msgs_egg
[0.793s] [  9%] [32mBuilding C object CMakeFiles/rm_msgs__rosidl_generator_c.dir/rosidl_generator_c/rm_msgs/msg/detail/lowpass_data__functions.c.o[0m
[0.794s] [ 12%] [34m[1mGenerating C++ type support dispatch for ROS interfaces[0m
[0.794s] [ 16%] [34m[1mGenerating C++ introspection for ROS interfaces[0m
[0.794s] [ 19%] [34m[1mGenerating C++ type support for eProsima Fast-RTPS[0m
[0.819s] [ 22%] [32m[1mLinking C shared library librm_msgs__rosidl_generator_c.so[0m
[0.838s] [ 22%] Built target rm_msgs__rosidl_generator_c
[0.842s] [ 29%] [34m[1mGenerating C type support dispatch for ROS interfaces[0m
[0.842s] [ 29%] [34m[1mGenerating C introspection for ROS interfaces[0m
[0.843s] [ 32%] [34m[1mGenerating C type support for eProsima Fast-RTPS[0m
[0.902s] [ 35%] [32mBuilding CXX object CMakeFiles/rm_msgs__rosidl_typesupport_introspection_cpp.dir/rosidl_typesupport_introspection_cpp/rm_msgs/msg/detail/lowpass_data__type_support.cpp.o[0m
[0.916s] [ 38%] [32mBuilding CXX object CMakeFiles/rm_msgs__rosidl_typesupport_cpp.dir/rosidl_typesupport_cpp/rm_msgs/msg/lowpass_data__type_support.cpp.o[0m
[0.924s] [ 41%] [32mBuilding CXX object CMakeFiles/rm_msgs__rosidl_typesupport_fastrtps_cpp.dir/rosidl_typesupport_fastrtps_cpp/rm_msgs/msg/detail/dds_fastrtps/lowpass_data__type_support.cpp.o[0m
[0.943s] [ 45%] [32mBuilding CXX object CMakeFiles/rm_msgs__rosidl_typesupport_c.dir/rosidl_typesupport_c/rm_msgs/msg/lowpass_data__type_support.cpp.o[0m
[0.958s] [ 48%] [32m[1mLinking CXX shared library librm_msgs__rosidl_typesupport_c.so[0m
[0.958s] [ 51%] [32mBuilding CXX object CMakeFiles/rm_msgs__rosidl_typesupport_fastrtps_c.dir/rosidl_typesupport_fastrtps_c/rm_msgs/msg/detail/lowpass_data__type_support_c.cpp.o[0m
[0.971s] [ 54%] [32mBuilding C object CMakeFiles/rm_msgs__rosidl_typesupport_introspection_c.dir/rosidl_typesupport_introspection_c/rm_msgs/msg/detail/lowpass_data__type_support.c.o[0m
[0.976s] [ 54%] Built target rm_msgs__rosidl_typesupport_c
[0.986s] [ 58%] [32m[1mLinking C shared library librm_msgs__rosidl_typesupport_introspection_c.so[0m
[0.999s] [ 58%] Built target rm_msgs__rosidl_typesupport_introspection_c
[1.035s] [ 61%] [32m[1mLinking CXX shared library librm_msgs__rosidl_typesupport_cpp.so[0m
[1.052s] [ 61%] Built target rm_msgs__rosidl_typesupport_cpp
[1.065s] [ 64%] [32m[1mLinking CXX shared library librm_msgs__rosidl_typesupport_introspection_cpp.so[0m
[1.091s] [ 64%] Built target rm_msgs__rosidl_typesupport_introspection_cpp
[1.102s] [ 67%] [32m[1mLinking CXX shared library librm_msgs__rosidl_typesupport_fastrtps_cpp.so[0m
[1.107s] [ 70%] [32m[1mLinking CXX shared library librm_msgs__rosidl_typesupport_fastrtps_c.so[0m
[1.134s] [ 70%] Built target rm_msgs__rosidl_typesupport_fastrtps_cpp
[1.137s] [ 70%] Built target rm_msgs__rosidl_typesupport_fastrtps_c
[1.144s] [ 70%] Built target rm_msgs
[1.150s] [ 74%] [34m[1mGenerating Python code for ROS interfaces[0m
[1.262s] [ 74%] Built target rm_msgs__py
[1.268s] [ 77%] [32mBuilding C object CMakeFiles/rm_msgs__rosidl_generator_py.dir/rosidl_generator_py/rm_msgs/msg/_lowpass_data_s.c.o[0m
[1.325s] [ 80%] [32m[1mLinking C shared library rosidl_generator_py/rm_msgs/librm_msgs__rosidl_generator_py.so[0m
[1.340s] [ 80%] Built target rm_msgs__rosidl_generator_py
[1.347s] [ 87%] [32mBuilding C object CMakeFiles/rm_msgs__rosidl_typesupport_fastrtps_c__pyext.dir/rosidl_generator_py/rm_msgs/_rm_msgs_s.ep.rosidl_typesupport_fastrtps_c.c.o[0m
[1.347s] [ 87%] [32mBuilding C object CMakeFiles/rm_msgs__rosidl_typesupport_introspection_c__pyext.dir/rosidl_generator_py/rm_msgs/_rm_msgs_s.ep.rosidl_typesupport_introspection_c.c.o[0m
[1.347s] [ 90%] [32mBuilding C object CMakeFiles/rm_msgs__rosidl_typesupport_c__pyext.dir/rosidl_generator_py/rm_msgs/_rm_msgs_s.ep.rosidl_typesupport_c.c.o[0m
[1.384s] [100%] [32m[1mLinking C shared library rosidl_generator_py/rm_msgs/rm_msgs_s__rosidl_typesupport_introspection_c.cpython-310-x86_64-linux-gnu.so[0m
[1.384s] [100%] [32m[1mLinking C shared library rosidl_generator_py/rm_msgs/rm_msgs_s__rosidl_typesupport_c.cpython-310-x86_64-linux-gnu.so[0m
[1.384s] [100%] [32m[1mLinking C shared library rosidl_generator_py/rm_msgs/rm_msgs_s__rosidl_typesupport_fastrtps_c.cpython-310-x86_64-linux-gnu.so[0m
[1.397s] [100%] Built target rm_msgs__rosidl_typesupport_fastrtps_c__pyext
[1.397s] [100%] Built target rm_msgs__rosidl_typesupport_introspection_c__pyext
[1.397s] [100%] Built target rm_msgs__rosidl_typesupport_c__pyext
[1.401s] Invoked command in '/home/stardust/Code/rm_control_fix/build/rm_msgs' returned '0': CMAKE_PREFIX_PATH=/opt/ros/humble /usr/bin/cmake --build /home/stardust/Code/rm_control_fix/build/rm_msgs -- -j12 -l12
[1.422s] Invoking command in '/home/stardust/Code/rm_control_fix/build/rm_msgs': CMAKE_PREFIX_PATH=/opt/ros/humble /usr/bin/cmake --install /home/stardust/Code/rm_control_fix/build/rm_msgs
[1.425s] -- Install configuration: ""
[1.425s] -- Installing: /home/stardust/Code/rm_control_fix/install/rm_msgs/share/ament_index/resource_index/rosidl_interfaces/rm_msgs
[1.425s] -- Installing: /home/stardust/Code/rm_control_fix/install/rm_msgs/include/rm_msgs/rm_msgs
[1.425s] -- Installing: /home/stardust/Code/rm_control_fix/install/rm_msgs/include/rm_msgs/rm_msgs/msg
[1.425s] -- Installing: /home/stardust/Code/rm_control_fix/install/rm_msgs/include/rm_msgs/rm_msgs/msg/lowpass_data.h
[1.425s] -- Installing: /home/stardust/Code/rm_control_fix/install/rm_msgs/include/rm_msgs/rm_msgs/msg/rosidl_generator_c__visibility_control.h
[1.425s] -- Installing: /home/stardust/Code/rm_control_fix/install/rm_msgs/include/rm_msgs/rm_msgs/msg/detail
[1.425s] -- Installing: /home/stardust/Code/rm_control_fix/install/rm_msgs/include/rm_msgs/rm_msgs/msg/detail/lowpass_data__functions.c
[1.425s] -- Installing: /home/stardust/Code/rm_control_fix/install/rm_msgs/include/rm_msgs/rm_msgs/msg/detail/lowpass_data__struct.h
[1.425s] -- Installing: /home/stardust/Code/rm_control_fix/install/rm_msgs/include/rm_msgs/rm_msgs/msg/detail/lowpass_data__type_support.h
[1.425s] -- Installing: /home/stardust/Code/rm_control_fix/install/rm_msgs/include/rm_msgs/rm_msgs/msg/detail/lowpass_data__functions.h
[1.425s] -- Installing: /home/stardust/Code/rm_control_fix/install/rm_msgs/share/rm_msgs/environment/library_path.sh
[1.425s] -- Installing: /home/stardust/Code/rm_control_fix/install/rm_msgs/share/rm_msgs/environment/library_path.dsv
[1.425s] -- Installing: /home/stardust/Code/rm_control_fix/install/rm_msgs/lib/librm_msgs__rosidl_generator_c.so
[1.425s] -- Set runtime path of "/home/stardust/Code/rm_control_fix/install/rm_msgs/lib/librm_msgs__rosidl_generator_c.so" to ""
[1.425s] -- Up-to-date: /home/stardust/Code/rm_control_fix/install/rm_msgs/include/rm_msgs/rm_msgs
[1.425s] -- Up-to-date: /home/stardust/Code/rm_control_fix/install/rm_msgs/include/rm_msgs/rm_msgs/msg
[1.425s] -- Up-to-date: /home/stardust/Code/rm_control_fix/install/rm_msgs/include/rm_msgs/rm_msgs/msg/detail
[1.425s] -- Installing: /home/stardust/Code/rm_control_fix/install/rm_msgs/include/rm_msgs/rm_msgs/msg/detail/lowpass_data__rosidl_typesupport_fastrtps_c.h
[1.425s] -- Installing: /home/stardust/Code/rm_control_fix/install/rm_msgs/include/rm_msgs/rm_msgs/msg/rosidl_typesupport_fastrtps_c__visibility_control.h
[1.425s] -- Installing: /home/stardust/Code/rm_control_fix/install/rm_msgs/lib/librm_msgs__rosidl_typesupport_fastrtps_c.so
[1.426s] -- Set runtime path of "/home/stardust/Code/rm_control_fix/install/rm_msgs/lib/librm_msgs__rosidl_typesupport_fastrtps_c.so" to ""
[1.426s] -- Up-to-date: /home/stardust/Code/rm_control_fix/install/rm_msgs/include/rm_msgs/rm_msgs
[1.426s] -- Up-to-date: /home/stardust/Code/rm_control_fix/install/rm_msgs/include/rm_msgs/rm_msgs/msg
[1.426s] -- Up-to-date: /home/stardust/Code/rm_control_fix/install/rm_msgs/include/rm_msgs/rm_msgs/msg/detail
[1.426s] -- Installing: /home/stardust/Code/rm_control_fix/install/rm_msgs/include/rm_msgs/rm_msgs/msg/detail/lowpass_data__rosidl_typesupport_introspection_c.h
[1.426s] -- Installing: /home/stardust/Code/rm_control_fix/install/rm_msgs/include/rm_msgs/rm_msgs/msg/detail/lowpass_data__type_support.c
[1.426s] -- Installing: /home/stardust/Code/rm_control_fix/install/rm_msgs/include/rm_msgs/rm_msgs/msg/rosidl_typesupport_introspection_c__visibility_control.h
[1.426s] -- Installing: /home/stardust/Code/rm_control_fix/install/rm_msgs/lib/librm_msgs__rosidl_typesupport_introspection_c.so
[1.426s] -- Set runtime path of "/home/stardust/Code/rm_control_fix/install/rm_msgs/lib/librm_msgs__rosidl_typesupport_introspection_c.so" to ""
[1.426s] -- Installing: /home/stardust/Code/rm_control_fix/install/rm_msgs/lib/librm_msgs__rosidl_typesupport_c.so
[1.426s] -- Set runtime path of "/home/stardust/Code/rm_control_fix/install/rm_msgs/lib/librm_msgs__rosidl_typesupport_c.so" to ""
[1.426s] -- Up-to-date: /home/stardust/Code/rm_control_fix/install/rm_msgs/include/rm_msgs/rm_msgs
[1.426s] -- Up-to-date: /home/stardust/Code/rm_control_fix/install/rm_msgs/include/rm_msgs/rm_msgs/msg
[1.426s] -- Up-to-date: /home/stardust/Code/rm_control_fix/install/rm_msgs/include/rm_msgs/rm_msgs/msg/detail
[1.426s] -- Installing: /home/stardust/Code/rm_control_fix/install/rm_msgs/include/rm_msgs/rm_msgs/msg/detail/lowpass_data__traits.hpp
[1.426s] -- Installing: /home/stardust/Code/rm_control_fix/install/rm_msgs/include/rm_msgs/rm_msgs/msg/detail/lowpass_data__builder.hpp
[1.426s] -- Installing: /home/stardust/Code/rm_control_fix/install/rm_msgs/include/rm_msgs/rm_msgs/msg/detail/lowpass_data__struct.hpp
[1.426s] -- Installing: /home/stardust/Code/rm_control_fix/install/rm_msgs/include/rm_msgs/rm_msgs/msg/lowpass_data.hpp
[1.426s] -- Up-to-date: /home/stardust/Code/rm_control_fix/install/rm_msgs/include/rm_msgs/rm_msgs
[1.426s] -- Up-to-date: /home/stardust/Code/rm_control_fix/install/rm_msgs/include/rm_msgs/rm_msgs/msg
[1.426s] -- Installing: /home/stardust/Code/rm_control_fix/install/rm_msgs/include/rm_msgs/rm_msgs/msg/rosidl_typesupport_fastrtps_cpp__visibility_control.h
[1.426s] -- Up-to-date: /home/stardust/Code/rm_control_fix/install/rm_msgs/include/rm_msgs/rm_msgs/msg/detail
[1.426s] -- Installing: /home/stardust/Code/rm_control_fix/install/rm_msgs/include/rm_msgs/rm_msgs/msg/detail/dds_fastrtps
[1.426s] -- Installing: /home/stardust/Code/rm_control_fix/install/rm_msgs/include/rm_msgs/rm_msgs/msg/detail/lowpass_data__rosidl_typesupport_fastrtps_cpp.hpp
[1.426s] -- Installing: /home/stardust/Code/rm_control_fix/install/rm_msgs/lib/librm_msgs__rosidl_typesupport_fastrtps_cpp.so
[1.426s] -- Set runtime path of "/home/stardust/Code/rm_control_fix/install/rm_msgs/lib/librm_msgs__rosidl_typesupport_fastrtps_cpp.so" to ""
[1.426s] -- Up-to-date: /home/stardust/Code/rm_control_fix/install/rm_msgs/include/rm_msgs/rm_msgs
[1.426s] -- Up-to-date: /home/stardust/Code/rm_control_fix/install/rm_msgs/include/rm_msgs/rm_msgs/msg
[1.426s] -- Up-to-date: /home/stardust/Code/rm_control_fix/install/rm_msgs/include/rm_msgs/rm_msgs/msg/detail
[1.426s] -- Installing: /home/stardust/Code/rm_control_fix/install/rm_msgs/include/rm_msgs/rm_msgs/msg/detail/lowpass_data__type_support.cpp
[1.426s] -- Installing: /home/stardust/Code/rm_control_fix/install/rm_msgs/include/rm_msgs/rm_msgs/msg/detail/lowpass_data__rosidl_typesupport_introspection_cpp.hpp
[1.426s] -- Installing: /home/stardust/Code/rm_control_fix/install/rm_msgs/lib/librm_msgs__rosidl_typesupport_introspection_cpp.so
[1.427s] -- Set runtime path of "/home/stardust/Code/rm_control_fix/install/rm_msgs/lib/librm_msgs__rosidl_typesupport_introspection_cpp.so" to ""
[1.427s] -- Installing: /home/stardust/Code/rm_control_fix/install/rm_msgs/lib/librm_msgs__rosidl_typesupport_cpp.so
[1.427s] -- Set runtime path of "/home/stardust/Code/rm_control_fix/install/rm_msgs/lib/librm_msgs__rosidl_typesupport_cpp.so" to ""
[1.427s] -- Installing: /home/stardust/Code/rm_control_fix/install/rm_msgs/share/rm_msgs/environment/pythonpath.sh
[1.427s] -- Installing: /home/stardust/Code/rm_control_fix/install/rm_msgs/share/rm_msgs/environment/pythonpath.dsv
[1.427s] -- Installing: /home/stardust/Code/rm_control_fix/install/rm_msgs/local/lib/python3.10/dist-packages/rm_msgs-0.0.0-py3.10.egg-info
[1.427s] -- Installing: /home/stardust/Code/rm_control_fix/install/rm_msgs/local/lib/python3.10/dist-packages/rm_msgs-0.0.0-py3.10.egg-info/PKG-INFO
[1.427s] -- Installing: /home/stardust/Code/rm_control_fix/install/rm_msgs/local/lib/python3.10/dist-packages/rm_msgs-0.0.0-py3.10.egg-info/dependency_links.txt
[1.427s] -- Installing: /home/stardust/Code/rm_control_fix/install/rm_msgs/local/lib/python3.10/dist-packages/rm_msgs-0.0.0-py3.10.egg-info/SOURCES.txt
[1.427s] -- Installing: /home/stardust/Code/rm_control_fix/install/rm_msgs/local/lib/python3.10/dist-packages/rm_msgs-0.0.0-py3.10.egg-info/top_level.txt
[1.427s] -- Installing: /home/stardust/Code/rm_control_fix/install/rm_msgs/local/lib/python3.10/dist-packages/rm_msgs
[1.427s] -- Installing: /home/stardust/Code/rm_control_fix/install/rm_msgs/local/lib/python3.10/dist-packages/rm_msgs/rm_msgs_s__rosidl_typesupport_introspection_c.cpython-310-x86_64-linux-gnu.so
[1.427s] -- Installing: /home/stardust/Code/rm_control_fix/install/rm_msgs/local/lib/python3.10/dist-packages/rm_msgs/rm_msgs_s__rosidl_typesupport_c.cpython-310-x86_64-linux-gnu.so
[1.427s] -- Installing: /home/stardust/Code/rm_control_fix/install/rm_msgs/local/lib/python3.10/dist-packages/rm_msgs/__init__.py
[1.427s] -- Installing: /home/stardust/Code/rm_control_fix/install/rm_msgs/local/lib/python3.10/dist-packages/rm_msgs/_rm_msgs_s.ep.rosidl_typesupport_introspection_c.c
[1.427s] -- Installing: /home/stardust/Code/rm_control_fix/install/rm_msgs/local/lib/python3.10/dist-packages/rm_msgs/_rm_msgs_s.ep.rosidl_typesupport_fastrtps_c.c
[1.427s] -- Installing: /home/stardust/Code/rm_control_fix/install/rm_msgs/local/lib/python3.10/dist-packages/rm_msgs/librm_msgs__rosidl_generator_py.so
[1.427s] -- Installing: /home/stardust/Code/rm_control_fix/install/rm_msgs/local/lib/python3.10/dist-packages/rm_msgs/msg
[1.427s] -- Installing: /home/stardust/Code/rm_control_fix/install/rm_msgs/local/lib/python3.10/dist-packages/rm_msgs/msg/__init__.py
[1.427s] -- Installing: /home/stardust/Code/rm_control_fix/install/rm_msgs/local/lib/python3.10/dist-packages/rm_msgs/msg/_lowpass_data_s.c
[1.427s] -- Installing: /home/stardust/Code/rm_control_fix/install/rm_msgs/local/lib/python3.10/dist-packages/rm_msgs/msg/_lowpass_data.py
[1.427s] -- Installing: /home/stardust/Code/rm_control_fix/install/rm_msgs/local/lib/python3.10/dist-packages/rm_msgs/_rm_msgs_s.ep.rosidl_typesupport_c.c
[1.427s] -- Installing: /home/stardust/Code/rm_control_fix/install/rm_msgs/local/lib/python3.10/dist-packages/rm_msgs/rm_msgs_s__rosidl_typesupport_fastrtps_c.cpython-310-x86_64-linux-gnu.so
[1.441s] Listing '/home/stardust/Code/rm_control_fix/install/rm_msgs/local/lib/python3.10/dist-packages/rm_msgs'...
[1.441s] Compiling '/home/stardust/Code/rm_control_fix/install/rm_msgs/local/lib/python3.10/dist-packages/rm_msgs/__init__.py'...
[1.441s] Listing '/home/stardust/Code/rm_control_fix/install/rm_msgs/local/lib/python3.10/dist-packages/rm_msgs/msg'...
[1.441s] Compiling '/home/stardust/Code/rm_control_fix/install/rm_msgs/local/lib/python3.10/dist-packages/rm_msgs/msg/__init__.py'...
[1.441s] Compiling '/home/stardust/Code/rm_control_fix/install/rm_msgs/local/lib/python3.10/dist-packages/rm_msgs/msg/_lowpass_data.py'...
[1.443s] -- Installing: /home/stardust/Code/rm_control_fix/install/rm_msgs/local/lib/python3.10/dist-packages/rm_msgs/rm_msgs_s__rosidl_typesupport_fastrtps_c.cpython-310-x86_64-linux-gnu.so
[1.443s] -- Set runtime path of "/home/stardust/Code/rm_control_fix/install/rm_msgs/local/lib/python3.10/dist-packages/rm_msgs/rm_msgs_s__rosidl_typesupport_fastrtps_c.cpython-310-x86_64-linux-gnu.so" to ""
[1.443s] -- Installing: /home/stardust/Code/rm_control_fix/install/rm_msgs/local/lib/python3.10/dist-packages/rm_msgs/rm_msgs_s__rosidl_typesupport_introspection_c.cpython-310-x86_64-linux-gnu.so
[1.443s] -- Set runtime path of "/home/stardust/Code/rm_control_fix/install/rm_msgs/local/lib/python3.10/dist-packages/rm_msgs/rm_msgs_s__rosidl_typesupport_introspection_c.cpython-310-x86_64-linux-gnu.so" to ""
[1.443s] -- Installing: /home/stardust/Code/rm_control_fix/install/rm_msgs/local/lib/python3.10/dist-packages/rm_msgs/rm_msgs_s__rosidl_typesupport_c.cpython-310-x86_64-linux-gnu.so
[1.443s] -- Set runtime path of "/home/stardust/Code/rm_control_fix/install/rm_msgs/local/lib/python3.10/dist-packages/rm_msgs/rm_msgs_s__rosidl_typesupport_c.cpython-310-x86_64-linux-gnu.so" to ""
[1.443s] -- Installing: /home/stardust/Code/rm_control_fix/install/rm_msgs/lib/librm_msgs__rosidl_generator_py.so
[1.443s] -- Set runtime path of "/home/stardust/Code/rm_control_fix/install/rm_msgs/lib/librm_msgs__rosidl_generator_py.so" to ""
[1.443s] -- Installing: /home/stardust/Code/rm_control_fix/install/rm_msgs/share/rm_msgs/msg/LowpassData.idl
[1.443s] -- Installing: /home/stardust/Code/rm_control_fix/install/rm_msgs/share/rm_msgs/msg/LowpassData.msg
[1.443s] -- Installing: /home/stardust/Code/rm_control_fix/install/rm_msgs/share/ament_index/resource_index/package_run_dependencies/rm_msgs
[1.443s] -- Installing: /home/stardust/Code/rm_control_fix/install/rm_msgs/share/ament_index/resource_index/parent_prefix_path/rm_msgs
[1.443s] -- Installing: /home/stardust/Code/rm_control_fix/install/rm_msgs/share/rm_msgs/environment/ament_prefix_path.sh
[1.443s] -- Installing: /home/stardust/Code/rm_control_fix/install/rm_msgs/share/rm_msgs/environment/ament_prefix_path.dsv
[1.443s] -- Installing: /home/stardust/Code/rm_control_fix/install/rm_msgs/share/rm_msgs/environment/path.sh
[1.443s] -- Installing: /home/stardust/Code/rm_control_fix/install/rm_msgs/share/rm_msgs/environment/path.dsv
[1.443s] -- Installing: /home/stardust/Code/rm_control_fix/install/rm_msgs/share/rm_msgs/local_setup.bash
[1.444s] -- Installing: /home/stardust/Code/rm_control_fix/install/rm_msgs/share/rm_msgs/local_setup.sh
[1.444s] -- Installing: /home/stardust/Code/rm_control_fix/install/rm_msgs/share/rm_msgs/local_setup.zsh
[1.444s] -- Installing: /home/stardust/Code/rm_control_fix/install/rm_msgs/share/rm_msgs/local_setup.dsv
[1.444s] -- Installing: /home/stardust/Code/rm_control_fix/install/rm_msgs/share/rm_msgs/package.dsv
[1.444s] -- Installing: /home/stardust/Code/rm_control_fix/install/rm_msgs/share/ament_index/resource_index/packages/rm_msgs
[1.444s] -- Installing: /home/stardust/Code/rm_control_fix/install/rm_msgs/share/rm_msgs/cmake/export_rm_msgs__rosidl_generator_cExport.cmake
[1.444s] -- Installing: /home/stardust/Code/rm_control_fix/install/rm_msgs/share/rm_msgs/cmake/export_rm_msgs__rosidl_generator_cExport-noconfig.cmake
[1.444s] -- Installing: /home/stardust/Code/rm_control_fix/install/rm_msgs/share/rm_msgs/cmake/export_rm_msgs__rosidl_typesupport_fastrtps_cExport.cmake
[1.444s] -- Installing: /home/stardust/Code/rm_control_fix/install/rm_msgs/share/rm_msgs/cmake/export_rm_msgs__rosidl_typesupport_fastrtps_cExport-noconfig.cmake
[1.444s] -- Installing: /home/stardust/Code/rm_control_fix/install/rm_msgs/share/rm_msgs/cmake/rm_msgs__rosidl_typesupport_introspection_cExport.cmake
[1.444s] -- Installing: /home/stardust/Code/rm_control_fix/install/rm_msgs/share/rm_msgs/cmake/rm_msgs__rosidl_typesupport_introspection_cExport-noconfig.cmake
[1.444s] -- Installing: /home/stardust/Code/rm_control_fix/install/rm_msgs/share/rm_msgs/cmake/rm_msgs__rosidl_typesupport_cExport.cmake
[1.444s] -- Installing: /home/stardust/Code/rm_control_fix/install/rm_msgs/share/rm_msgs/cmake/rm_msgs__rosidl_typesupport_cExport-noconfig.cmake
[1.444s] -- Installing: /home/stardust/Code/rm_control_fix/install/rm_msgs/share/rm_msgs/cmake/export_rm_msgs__rosidl_generator_cppExport.cmake
[1.444s] -- Installing: /home/stardust/Code/rm_control_fix/install/rm_msgs/share/rm_msgs/cmake/export_rm_msgs__rosidl_typesupport_fastrtps_cppExport.cmake
[1.444s] -- Installing: /home/stardust/Code/rm_control_fix/install/rm_msgs/share/rm_msgs/cmake/export_rm_msgs__rosidl_typesupport_fastrtps_cppExport-noconfig.cmake
[1.444s] -- Installing: /home/stardust/Code/rm_control_fix/install/rm_msgs/share/rm_msgs/cmake/rm_msgs__rosidl_typesupport_introspection_cppExport.cmake
[1.444s] -- Installing: /home/stardust/Code/rm_control_fix/install/rm_msgs/share/rm_msgs/cmake/rm_msgs__rosidl_typesupport_introspection_cppExport-noconfig.cmake
[1.444s] -- Installing: /home/stardust/Code/rm_control_fix/install/rm_msgs/share/rm_msgs/cmake/rm_msgs__rosidl_typesupport_cppExport.cmake
[1.444s] -- Installing: /home/stardust/Code/rm_control_fix/install/rm_msgs/share/rm_msgs/cmake/rm_msgs__rosidl_typesupport_cppExport-noconfig.cmake
[1.444s] -- Installing: /home/stardust/Code/rm_control_fix/install/rm_msgs/share/rm_msgs/cmake/export_rm_msgs__rosidl_generator_pyExport.cmake
[1.444s] -- Installing: /home/stardust/Code/rm_control_fix/install/rm_msgs/share/rm_msgs/cmake/export_rm_msgs__rosidl_generator_pyExport-noconfig.cmake
[1.444s] -- Installing: /home/stardust/Code/rm_control_fix/install/rm_msgs/share/rm_msgs/cmake/rosidl_cmake-extras.cmake
[1.444s] -- Installing: /home/stardust/Code/rm_control_fix/install/rm_msgs/share/rm_msgs/cmake/ament_cmake_export_dependencies-extras.cmake
[1.444s] -- Installing: /home/stardust/Code/rm_control_fix/install/rm_msgs/share/rm_msgs/cmake/ament_cmake_export_include_directories-extras.cmake
[1.444s] -- Installing: /home/stardust/Code/rm_control_fix/install/rm_msgs/share/rm_msgs/cmake/ament_cmake_export_libraries-extras.cmake
[1.444s] -- Installing: /home/stardust/Code/rm_control_fix/install/rm_msgs/share/rm_msgs/cmake/ament_cmake_export_targets-extras.cmake
[1.445s] -- Installing: /home/stardust/Code/rm_control_fix/install/rm_msgs/share/rm_msgs/cmake/rosidl_cmake_export_typesupport_targets-extras.cmake
[1.445s] -- Installing: /home/stardust/Code/rm_control_fix/install/rm_msgs/share/rm_msgs/cmake/rosidl_cmake_export_typesupport_libraries-extras.cmake
[1.445s] -- Installing: /home/stardust/Code/rm_control_fix/install/rm_msgs/share/rm_msgs/cmake/rm_msgsConfig.cmake
[1.445s] -- Installing: /home/stardust/Code/rm_control_fix/install/rm_msgs/share/rm_msgs/cmake/rm_msgsConfig-version.cmake
[1.445s] -- Installing: /home/stardust/Code/rm_control_fix/install/rm_msgs/share/rm_msgs/package.xml
[1.446s] Invoked command in '/home/stardust/Code/rm_control_fix/build/rm_msgs' returned '0': CMAKE_PREFIX_PATH=/opt/ros/humble /usr/bin/cmake --install /home/stardust/Code/rm_control_fix/build/rm_msgs
