[0.004s] Invoking command in '/home/stardust/Code/rm_control_fix/build/rm_msgs': CMAKE_PREFIX_PATH=/opt/ros/humble CONDA_PROMPT_MODIFIER=(base) /usr/bin/cmake /home/stardust/Code/rm_control_fix/src/rm_msgs -DCMAKE_INSTALL_PREFIX=/home/stardust/Code/rm_control_fix/install/rm_msgs
[0.025s] -- The C compiler identification is GNU 11.4.0
[0.046s] -- The CXX compiler identification is GNU 11.4.0
[0.049s] -- Detecting C compiler ABI info
[0.074s] -- Detecting C compiler ABI info - done
[0.077s] -- Check for working C compiler: /usr/bin/cc - skipped
[0.077s] -- Detecting C compile features
[0.077s] -- Detecting C compile features - done
[0.079s] -- Detecting CXX compiler ABI info
[0.108s] -- Detecting CXX compiler ABI info - done
[0.111s] -- Check for working CXX compiler: /usr/bin/c++ - skipped
[0.111s] -- Detecting CXX compile features
[0.111s] -- Detecting CXX compile features - done
[0.112s] -- Found ament_cmake: 1.3.10 (/opt/ros/humble/share/ament_cmake/cmake)
[0.271s] -- Found Python3: /home/stardust/anaconda3/bin/python3 (found version "3.12.4") found components: Interpreter 
[0.311s] -- Found rosidl_default_generators: 1.2.0 (/opt/ros/humble/share/rosidl_default_generators/cmake)
[0.312s] -- Using all available rosidl_typesupport_c: rosidl_typesupport_fastrtps_c;rosidl_typesupport_introspection_c
[0.313s] -- Found rosidl_adapter: 3.1.5 (/opt/ros/humble/share/rosidl_adapter/cmake)
[0.327s] -- Using all available rosidl_typesupport_cpp: rosidl_typesupport_fastrtps_cpp;rosidl_typesupport_introspection_cpp
[0.338s] -- Found std_msgs: 4.2.4 (/opt/ros/humble/share/std_msgs/cmake)
[0.348s] -- Found geometry_msgs: 4.2.4 (/opt/ros/humble/share/geometry_msgs/cmake)
[0.397s] [31mCMake Error at /opt/ros/humble/share/rosidl_adapter/cmake/rosidl_adapt_interfaces.cmake:59 (message):
[0.397s]   execute_process(/home/stardust/anaconda3/bin/python3 -m rosidl_adapter
[0.397s]   --package-name rm_msgs --arguments-file
[0.397s]   /home/stardust/Code/rm_control_fix/build/rm_msgs/rosidl_adapter__arguments__rm_msgs.json
[0.397s]   --output-dir
[0.397s]   /home/stardust/Code/rm_control_fix/build/rm_msgs/rosidl_adapter/rm_msgs
[0.397s]   --output-file
[0.397s]   /home/stardust/Code/rm_control_fix/build/rm_msgs/rosidl_adapter/rm_msgs.idls)
[0.397s]   returned error code 1:
[0.397s] 
[0.397s]   Traceback (most recent call last):
[0.397s] 
[0.397s]     File "<frozen runpy>", line 198, in _run_module_as_main
[0.397s]     File "<frozen runpy>", line 88, in _run_code
[0.397s]     File "/opt/ros/humble/local/lib/python3.10/dist-packages/rosidl_adapter/__main__.py", line 19, in <module>
[0.397s]       sys.exit(main())
[0.397s]                ^^^^^^
[0.397s]     File "/opt/ros/humble/local/lib/python3.10/dist-packages/rosidl_adapter/main.py", line 53, in main
[0.397s]       abs_idl_file = convert_to_idl(
[0.397s]                      ^^^^^^^^^^^^^^^
[0.397s]     File "/opt/ros/humble/local/lib/python3.10/dist-packages/rosidl_adapter/__init__.py", line 18, in convert_to_idl
[0.397s]       from rosidl_adapter.msg import convert_msg_to_idl
[0.397s]     File "/opt/ros/humble/local/lib/python3.10/dist-packages/rosidl_adapter/msg/__init__.py", line 16, in <module>
[0.397s]       from rosidl_adapter.resource import expand_template
[0.397s]     File "/opt/ros/humble/local/lib/python3.10/dist-packages/rosidl_adapter/resource/__init__.py", line 19, in <module>
[0.397s]       import em
[0.397s] 
[0.397s]   ModuleNotFoundError: No module named 'em'
[0.397s] 
[0.398s] Call Stack (most recent call first):
[0.398s]   /opt/ros/humble/share/rosidl_cmake/cmake/rosidl_generate_interfaces.cmake:130 (rosidl_adapt_interfaces)
[0.398s]   CMakeLists.txt:20 (rosidl_generate_interfaces)
[0.398s] 
[0.398s] [0m
[0.398s] -- Configuring incomplete, errors occurred!
[0.398s] See also "/home/stardust/Code/rm_control_fix/build/rm_msgs/CMakeFiles/CMakeOutput.log".
[0.401s] Invoked command in '/home/stardust/Code/rm_control_fix/build/rm_msgs' returned '1': CMAKE_PREFIX_PATH=/opt/ros/humble CONDA_PROMPT_MODIFIER=(base) /usr/bin/cmake /home/stardust/Code/rm_control_fix/src/rm_msgs -DCMAKE_INSTALL_PREFIX=/home/stardust/Code/rm_control_fix/install/rm_msgs
