[0.004s] Invoking command in '/home/stardust/Code/rm_control_fix/build/rm_msgs': CMAKE_PREFIX_PATH=/opt/ros/humble CONDA_PROMPT_MODIFIER=(base) /usr/bin/cmake /home/stardust/Code/rm_control_fix/src/rm_msgs -DCMAKE_INSTALL_PREFIX=/home/stardust/Code/rm_control_fix/install/rm_msgs
[0.009s] -- Found ament_cmake: 1.3.10 (/opt/ros/humble/share/ament_cmake/cmake)
[0.069s] -- Found rosidl_default_generators: 1.2.0 (/opt/ros/humble/share/rosidl_default_generators/cmake)
[0.069s] -- Using all available rosidl_typesupport_c: rosidl_typesupport_fastrtps_c;rosidl_typesupport_introspection_c
[0.070s] -- Found rosidl_adapter: 3.1.5 (/opt/ros/humble/share/rosidl_adapter/cmake)
[0.081s] -- Using all available rosidl_typesupport_cpp: rosidl_typesupport_fastrtps_cpp;rosidl_typesupport_introspection_cpp
[0.090s] -- Found std_msgs: 4.2.4 (/opt/ros/humble/share/std_msgs/cmake)
[0.098s] -- Found geometry_msgs: 4.2.4 (/opt/ros/humble/share/geometry_msgs/cmake)
[0.149s] [31mCMake Error at /opt/ros/humble/share/rosidl_adapter/cmake/rosidl_adapt_interfaces.cmake:59 (message):
[0.149s]   execute_process(/home/stardust/anaconda3/bin/python3 -m rosidl_adapter
[0.149s]   --package-name rm_msgs --arguments-file
[0.149s]   /home/stardust/Code/rm_control_fix/build/rm_msgs/rosidl_adapter__arguments__rm_msgs.json
[0.149s]   --output-dir
[0.149s]   /home/stardust/Code/rm_control_fix/build/rm_msgs/rosidl_adapter/rm_msgs
[0.149s]   --output-file
[0.149s]   /home/stardust/Code/rm_control_fix/build/rm_msgs/rosidl_adapter/rm_msgs.idls)
[0.149s]   returned error code 1:
[0.149s] 
[0.149s]   Error processing 'std_msgs/Header Header' of 'rm_msgs/LowpassData':
[0.149s]   ''Header' is an invalid field name.  It should have the pattern
[0.149s]   '^(?!.*__)(?!.*_$)[a-z][a-z0-9_]*$''
[0.149s] 
[0.149s]   Traceback (most recent call last):
[0.149s] 
[0.149s]     File "<frozen runpy>", line 198, in _run_module_as_main
[0.149s]     File "<frozen runpy>", line 88, in _run_code
[0.149s]     File "/opt/ros/humble/local/lib/python3.10/dist-packages/rosidl_adapter/__main__.py", line 19, in <module>
[0.149s]       sys.exit(main())
[0.149s]                ^^^^^^
[0.149s]     File "/opt/ros/humble/local/lib/python3.10/dist-packages/rosidl_adapter/main.py", line 53, in main
[0.149s]       abs_idl_file = convert_to_idl(
[0.149s]                      ^^^^^^^^^^^^^^^
[0.149s]     File "/opt/ros/humble/local/lib/python3.10/dist-packages/rosidl_adapter/__init__.py", line 19, in convert_to_idl
[0.149s]       return convert_msg_to_idl(
[0.149s]              ^^^^^^^^^^^^^^^^^^^
[0.149s]     File "/opt/ros/humble/local/lib/python3.10/dist-packages/rosidl_adapter/msg/__init__.py", line 28, in convert_msg_to_idl
[0.149s]       msg = parse_message_string(package_name, input_file.stem, content)
[0.149s]             ^^^^^^^^^^^^^^^^^^^^^^^^^^^^^^^^^^^^^^^^^^^^^^^^^^^^^^^^^^^^
[0.149s]     File "/opt/ros/humble/local/lib/python3.10/dist-packages/rosidl_adapter/parser.py", line 519, in parse_message_string
[0.149s]       fields.append(Field(
[0.149s]                     ^^^^^^
[0.149s]     File "/opt/ros/humble/local/lib/python3.10/dist-packages/rosidl_adapter/parser.py", line 354, in __init__
[0.149s]       raise NameError(
[0.149s] 
[0.149s]   NameError: 'Header' is an invalid field name.  It should have the pattern
[0.149s]   '^(?!.*__)(?!.*_$)[a-z][a-z0-9_]*$'
[0.149s] 
[0.149s] Call Stack (most recent call first):
[0.149s]   /opt/ros/humble/share/rosidl_cmake/cmake/rosidl_generate_interfaces.cmake:130 (rosidl_adapt_interfaces)
[0.149s]   CMakeLists.txt:20 (rosidl_generate_interfaces)
[0.149s] 
[0.149s] [0m
[0.149s] -- Configuring incomplete, errors occurred!
[0.149s] See also "/home/stardust/Code/rm_control_fix/build/rm_msgs/CMakeFiles/CMakeOutput.log".
[0.152s] Invoked command in '/home/stardust/Code/rm_control_fix/build/rm_msgs' returned '1': CMAKE_PREFIX_PATH=/opt/ros/humble CONDA_PROMPT_MODIFIER=(base) /usr/bin/cmake /home/stardust/Code/rm_control_fix/src/rm_msgs -DCMAKE_INSTALL_PREFIX=/home/stardust/Code/rm_control_fix/install/rm_msgs
