[0.005s] Invoking command in '/home/stardust/Code/rm_control_fix/build/rm_msgs': CMAKE_PREFIX_PATH=/opt/ros/humble CONDA_PROMPT_MODIFIER=(base) /usr/bin/cmake /home/stardust/Code/rm_control_fix/src/rm_msgs -DCMAKE_INSTALL_PREFIX=/home/stardust/Code/rm_control_fix/install/rm_msgs
[0.048s] -- The C compiler identification is GNU 11.4.0
[0.081s] -- The CXX compiler identification is GNU 11.4.0
[0.085s] -- Detecting C compiler ABI info
[0.114s] -- Detecting C compiler ABI info - done
[0.117s] -- Check for working C compiler: /usr/bin/cc - skipped
[0.117s] -- Detecting C compile features
[0.118s] -- Detecting C compile features - done
[0.119s] -- Detecting CXX compiler ABI info
[0.151s] -- Detecting CXX compiler ABI info - done
[0.153s] -- Check for working CXX compiler: /usr/bin/c++ - skipped
[0.154s] -- Detecting CXX compile features
[0.154s] -- Detecting CXX compile features - done
[0.156s] -- Found ament_cmake: 1.3.10 (/opt/ros/humble/share/ament_cmake/cmake)
[0.314s] -- Found Python3: /home/stardust/anaconda3/bin/python3 (found version "3.12.4") found components: Interpreter 
[0.367s] -- Found rosidl_default_generators: 1.2.0 (/opt/ros/humble/share/rosidl_default_generators/cmake)
[0.369s] -- Using all available rosidl_typesupport_c: rosidl_typesupport_fastrtps_c;rosidl_typesupport_introspection_c
[0.372s] -- Found rosidl_adapter: 3.1.5 (/opt/ros/humble/share/rosidl_adapter/cmake)
[0.391s] -- Using all available rosidl_typesupport_cpp: rosidl_typesupport_fastrtps_cpp;rosidl_typesupport_introspection_cpp
[0.406s] -- Found std_msgs: 4.2.4 (/opt/ros/humble/share/std_msgs/cmake)
[0.421s] -- Found geometry_msgs: 4.2.4 (/opt/ros/humble/share/geometry_msgs/cmake)
[0.431s] [31mCMake Error at /opt/ros/humble/share/rosidl_cmake/cmake/rosidl_generate_interfaces.cmake:93 (message):
[0.431s]   rosidl_generate_interfaces() the passed file 'LowpassData.msg' doesn't
[0.431s]   exist relative to the CMAKE_CURRENT_SOURCE_DIR
[0.431s]   '/home/stardust/Code/rm_control_fix/src/rm_msgs'
[0.431s] Call Stack (most recent call first):
[0.431s]   CMakeLists.txt:20 (rosidl_generate_interfaces)
[0.431s] 
[0.431s] [0m
[0.431s] -- Configuring incomplete, errors occurred!
[0.431s] See also "/home/stardust/Code/rm_control_fix/build/rm_msgs/CMakeFiles/CMakeOutput.log".
[0.434s] Invoked command in '/home/stardust/Code/rm_control_fix/build/rm_msgs' returned '1': CMAKE_PREFIX_PATH=/opt/ros/humble CONDA_PROMPT_MODIFIER=(base) /usr/bin/cmake /home/stardust/Code/rm_control_fix/src/rm_msgs -DCMAKE_INSTALL_PREFIX=/home/stardust/Code/rm_control_fix/install/rm_msgs
